0 info it worked if it ends with ok
1 verbose cli [ 'node', '/usr/local/bin/npm', 'install', 'lessc' ]
2 info using npm@1.2.15
3 info using node@v0.10.1
4 verbose read json /Users/jfaerman/Dev/Kornell/kornell-api/src/main/tomcat/package.json
5 verbose read json /Users/jfaerman/Dev/Kornell/kornell-api/src/main/tomcat/node_modules/less/package.json
6 verbose read json /Users/jfaerman/Dev/Kornell/kornell-api/src/main/tomcat/package.json
7 verbose cache add [ 'lessc', null ]
8 verbose cache add name=undefined spec="lessc" args=["lessc",null]
9 verbose parsed url { protocol: null,
9 verbose parsed url   slashes: null,
9 verbose parsed url   auth: null,
9 verbose parsed url   host: null,
9 verbose parsed url   port: null,
9 verbose parsed url   hostname: null,
9 verbose parsed url   hash: null,
9 verbose parsed url   search: null,
9 verbose parsed url   query: null,
9 verbose parsed url   pathname: 'lessc',
9 verbose parsed url   path: 'lessc',
9 verbose parsed url   href: 'lessc' }
10 silly lockFile 8b3a335c-lessc lessc
11 verbose lock lessc /Users/jfaerman/.npm/8b3a335c-lessc.lock
12 silly lockFile 8b3a335c-lessc lessc
13 silly lockFile 8b3a335c-lessc lessc
14 verbose addNamed [ 'lessc', '' ]
15 verbose addNamed [ null, '' ]
16 silly lockFile a47c36bc-lessc lessc@
17 verbose lock lessc@ /Users/jfaerman/.npm/a47c36bc-lessc.lock
18 silly addNameRange { name: 'lessc', range: '', hasData: false }
19 verbose url raw lessc
20 verbose url resolving [ 'https://registry.npmjs.org/', './lessc' ]
21 verbose url resolved https://registry.npmjs.org/lessc
22 info trying registry request attempt 1 at 11:36:01
23 http GET https://registry.npmjs.org/lessc
24 http 404 https://registry.npmjs.org/lessc
25 silly registry.get cb [ 404,
25 silly registry.get   { server: 'CouchDB/1.2.1 (Erlang OTP/R15B03)',
25 silly registry.get     date: 'Mon, 08 Apr 2013 14:35:36 GMT',
25 silly registry.get     'content-type': 'application/json',
25 silly registry.get     'content-length': '52',
25 silly registry.get     'cache-control': 'must-revalidate' } ]
26 silly lockFile a47c36bc-lessc lessc@
27 silly lockFile a47c36bc-lessc lessc@
28 error 404 'lessc' is not in the npm registry.
28 error 404 You should bug the author to publish it
28 error 404
28 error 404 Note that you can also install from a
28 error 404 tarball, folder, or http url, or git url.
29 error System Darwin 12.3.0
30 error command "node" "/usr/local/bin/npm" "install" "lessc"
31 error cwd /Users/jfaerman/Dev/Kornell/kornell-api/src/main/tomcat
32 error node -v v0.10.1
33 error npm -v 1.2.15
34 error code E404
35 verbose exit [ 1, true ]
